{
  "stats": {
    "suites": 1,
    "tests": 1,
    "passes": 1,
    "pending": 0,
    "failures": 0,
    "start": "2026-03-28T11:01:42.855Z",
    "end": "2026-03-28T11:01:46.356Z",
    "duration": 3501,
    "testsRegistered": 1,
    "passPercent": 100,
    "pendingPercent": 0,
    "other": 0,
    "hasOther": false,
    "skipped": 0,
    "hasSkipped": false
  },
  "results": [
    {
      "uuid": "5c68c9ac-ba27-4c7e-b070-a226be0c891d",
      "title": "",
      "fullFile": "cypress\\e2e\\spec.cy.js",
      "file": "cypress\\e2e\\spec.cy.js",
      "beforeHooks": [],
      "afterHooks": [],
      "tests": [],
      "suites": [
        {
          "uuid": "605a2085-a232-44ac-b002-2cd0cebd83da",
          "title": "template spec",
          "fullFile": "",
          "file": "",
          "beforeHooks": [],
          "afterHooks": [],
          "tests": [
            {
              "title": "passes",
              "fullTitle": "template spec passes",
              "timedOut": null,
              "duration": 658,
              "state": "passed",
              "speed": "fast",
              "pass": true,
              "fail": false,
              "pending": false,
              "context": null,
              "code": "cy.visit('https://example.cypress.io');",
              "err": {},
              "uuid": "9ecc4812-55a4-4388-9f75-06d25bbb6377",
              "parentUUID": "605a2085-a232-44ac-b002-2cd0cebd83da",
              "isHook": false,
              "skipped": false
            }
          ],
          "suites": [],
          "passes": [
            "9ecc4812-55a4-4388-9f75-06d25bbb6377"
          ],
          "failures": [],
          "pending": [],
          "skipped": [],
          "duration": 658,
          "root": false,
          "rootEmpty": false,
          "_timeout": 2000
        }
      ],
      "passes": [],
      "failures": [],
      "pending": [],
      "skipped": [],
      "duration": 0,
      "root": true,
      "rootEmpty": true,
      "_timeout": 2000
    }
  ],
  "meta": {
    "mocha": {
      "version": "7.2.0"
    },
    "mochawesome": {
      "options": {
        "quiet": false,
        "reportFilename": "mochawesome",
        "saveHtml": true,
        "saveJson": true,
        "consoleReporter": "spec",
        "useInlineDiffs": false,
        "code": true
      },
      "version": "7.1.4"
    },
    "marge": {
      "options": {
        "reportDir": "cypress/reports",
        "overwright": false,
        "html": true,
        "json": true,
        "charts": true
      },
      "version": "6.3.2"
    }
  }
}